<?xml version="1.0" encoding="UTF-8"?>
<!-- Generated by org.testng.reporters.JUnitReportReporter -->
<testsuite hostname="N12663" failures="0" tests="3" name="Tests" time="46.102" errors="0" timestamp="2021-09-04T17:10:50 AST" skipped="0">
  <testcase classname="Tests" name="searchValidationViaAPI" time="5.295"/>
  <system-out/>
  <testcase classname="Tests" name="searchValidationViaPage" time="21.875"/>
  <system-out/>
  <testcase classname="Tests" name="loginValidation" time="18.932"/>
  <system-out/>
</testsuite> <!-- Tests -->
