<?xml version="1.0" encoding="UTF-8"?>
<!-- Generated by org.testng.reporters.JUnitReportReporter -->
<testsuite hostname="N12663" failures="0" tests="2" name="Tests" time="20.300" errors="0" timestamp="2021-09-02T17:44:14 AST" skipped="0">
  <testcase classname="Tests" name="loginValidation" time="14.693"/>
  <system-out/>
  <testcase classname="Tests" name="testSearch" time="5.607"/>
  <system-out/>
</testsuite> <!-- Tests -->
