<?xml version="1.0" encoding="UTF-8"?>
<!-- Generated by org.testng.reporters.JUnitReportReporter -->
<testsuite hostname="N12663" failures="0" tests="3" name="Tests" time="30.684" errors="0" timestamp="2021-09-03T14:35:50 AST" skipped="0">
  <testcase classname="Tests" name="searchValidationViaAPI" time="6.153"/>
  <system-out/>
  <testcase classname="Tests" name="searchValidationViaPage" time="13.847"/>
  <system-out/>
  <testcase classname="Tests" name="loginValidation" time="10.684"/>
  <system-out/>
</testsuite> <!-- Tests -->
