<?xml version="1.0" encoding="UTF-8"?>
<!-- Generated by org.testng.reporters.JUnitReportReporter -->
<testsuite hostname="N12663" failures="0" tests="3" name="Tests" time="32.875" errors="0" timestamp="2021-09-04T16:09:22 AST" skipped="0">
  <testcase classname="Tests" name="searchValidationViaAPI" time="5.967"/>
  <system-out/>
  <testcase classname="Tests" name="searchValidationViaPage" time="14.635"/>
  <system-out/>
  <testcase classname="Tests" name="loginValidation" time="12.273"/>
  <system-out/>
</testsuite> <!-- Tests -->
