<?xml version="1.0" encoding="UTF-8"?>
<!-- Generated by org.testng.reporters.JUnitReportReporter -->
<testsuite hostname="N12663" failures="0" tests="3" name="Tests" time="39.335" errors="0" timestamp="2021-09-04T16:45:39 AST" skipped="0">
  <testcase classname="Tests" name="searchValidationViaAPI" time="4.964"/>
  <system-out/>
  <testcase classname="Tests" name="searchValidationViaPage" time="21.534"/>
  <system-out/>
  <testcase classname="Tests" name="loginValidation" time="12.837"/>
  <system-out/>
</testsuite> <!-- Tests -->
