<?xml version="1.0" encoding="UTF-8"?>
<!-- Generated by org.testng.reporters.JUnitReportReporter -->
<testsuite hostname="N12663" failures="0" tests="2" name="Tests" time="20.460" errors="0" timestamp="2021-09-03T12:47:51 AST" skipped="0">
  <testcase classname="Tests" name="loginValidation" time="14.574"/>
  <system-out/>
  <testcase classname="Tests" name="searchValidation" time="5.886"/>
  <system-out/>
</testsuite> <!-- Tests -->
